# JRE version: OpenJDK Runtime Environment (8.0_212-b04) (build 1.8.0_212-release-1586-b04)
# Java VM: OpenJDK 64-Bit Server VM (25.212-b04 mixed mode windows-amd64 compressed oops)
Heap:
 PSYoungGen      total 289280K, used 114685K [0x00000000e0000000, 0x00000000f7a80000, 0x0000000100000000)
  eden space 250880K, 45% used [0x00000000e0000000,0x00000000e6fff6e8,0x00000000ef500000)
  from space 38400K, 0% used [0x00000000ef500000,0x00000000ef500000,0x00000000f1a80000)
  to   space 36352K, 0% used [0x00000000f5700000,0x00000000f5700000,0x00000000f7a80000)
 ParOldGen       total 309248K, used 62259K [0x00000000a0000000, 0x00000000b2e00000, 0x00000000e0000000)
  object space 309248K, 20% used [0x00000000a0000000,0x00000000a3ccccb0,0x00000000b2e00000)
 Metaspace       used 96477K, capacity 100703K, committed 101888K, reserved 1136640K
  class space    used 12674K, capacity 13538K, committed 13824K, reserved 1048576K
GC Heap History (10 events):
Event: 1038.344 GC heap before
{Heap before GC invocations=15 (full 3):
 PSYoungGen      total 213504K, used 209713K [0x00000000e0000000, 0x00000000f0a80000, 0x0000000100000000)
  eden space 193536K, 100% used [0x00000000e0000000,0x00000000ebd00000,0x00000000ebd00000)
  from space 19968K, 81% used [0x00000000ebd00000,0x00000000ecccc7b0,0x00000000ed080000)
  to   space 20992K, 0% used [0x00000000ef600000,0x00000000ef600000,0x00000000f0a80000)
 ParOldGen       total 215040K, used 31712K [0x00000000a0000000, 0x00000000ad200000, 0x00000000e0000000)
  object space 215040K, 14% used [0x00000000a0000000,0x00000000a1ef8098,0x00000000ad200000)
 Metaspace       used 74479K, capacity 78268K, committed 78464K, reserved 1116160K
  class space    used 9953K, capacity 10756K, committed 10880K, reserved 1048576K
Event: 1038.358 GC heap after
Heap after GC invocations=15 (full 3):
 PSYoungGen      total 244736K, used 20969K [0x00000000e0000000, 0x00000000f0c80000, 0x0000000100000000)
  eden space 223744K, 0% used [0x00000000e0000000,0x00000000e0000000,0x00000000eda80000)
  from space 20992K, 99% used [0x00000000ef600000,0x00000000f0a7a500,0x00000000f0a80000)
  to   space 25600K, 0% used [0x00000000eda80000,0x00000000eda80000,0x00000000ef380000)
 ParOldGen       total 215040K, used 37391K [0x00000000a0000000, 0x00000000ad200000, 0x00000000e0000000)
  object space 215040K, 17% used [0x00000000a0000000,0x00000000a2483f38,0x00000000ad200000)
 Metaspace       used 74479K, capacity 78268K, committed 78464K, reserved 1116160K
  class space    used 9953K, capacity 10756K, committed 10880K, reserved 1048576K
}
Event: 1041.004 GC heap before
{Heap before GC invocations=16 (full 3):
 PSYoungGen      total 244736K, used 244713K [0x00000000e0000000, 0x00000000f0c80000, 0x0000000100000000)
  eden space 223744K, 100% used [0x00000000e0000000,0x00000000eda80000,0x00000000eda80000)
  from space 20992K, 99% used [0x00000000ef600000,0x00000000f0a7a500,0x00000000f0a80000)
  to   space 25600K, 0% used [0x00000000eda80000,0x00000000eda80000,0x00000000ef380000)
 ParOldGen       total 215040K, used 37391K [0x00000000a0000000, 0x00000000ad200000, 0x00000000e0000000)
  object space 215040K, 17% used [0x00000000a0000000,0x00000000a2483f38,0x00000000ad200000)
 Metaspace       used 82243K, capacity 86210K, committed 86400K, reserved 1124352K
  class space    used 10782K, capacity 11593K, committed 11648K, reserved 1048576K
Event: 1041.030 GC heap after
Heap after GC invocations=16 (full 3):
 PSYoungGen      total 249344K, used 25593K [0x00000000e0000000, 0x00000000f3a00000, 0x0000000100000000)
  eden space 223744K, 0% used [0x00000000e0000000,0x00000000e0000000,0x00000000eda80000)
  from space 25600K, 99% used [0x00000000eda80000,0x00000000ef37e7c0,0x00000000ef380000)
  to   space 32256K, 0% used [0x00000000f1a80000,0x00000000f1a80000,0x00000000f3a00000)
 ParOldGen       total 215040K, used 46525K [0x00000000a0000000, 0x00000000ad200000, 0x00000000e0000000)
  object space 215040K, 21% used [0x00000000a0000000,0x00000000a2d6f460,0x00000000ad200000)
 Metaspace       used 82243K, capacity 86210K, committed 86400K, reserved 1124352K
  class space    used 10782K, capacity 11593K, committed 11648K, reserved 1048576K
}
Event: 1042.521 GC heap before
{Heap before GC invocations=17 (full 3):
 PSYoungGen      total 249344K, used 249337K [0x00000000e0000000, 0x00000000f3a00000, 0x0000000100000000)
  eden space 223744K, 100% used [0x00000000e0000000,0x00000000eda80000,0x00000000eda80000)
  from space 25600K, 99% used [0x00000000eda80000,0x00000000ef37e7c0,0x00000000ef380000)
  to   space 32256K, 0% used [0x00000000f1a80000,0x00000000f1a80000,0x00000000f3a00000)
 ParOldGen       total 215040K, used 46525K [0x00000000a0000000, 0x00000000ad200000, 0x00000000e0000000)
  object space 215040K, 21% used [0x00000000a0000000,0x00000000a2d6f460,0x00000000ad200000)
 Metaspace       used 89874K, capacity 94180K, committed 94464K, reserved 1130496K
  class space    used 11801K, capacity 12694K, committed 12800K, reserved 1048576K
Event: 1042.574 GC heap after
Heap after GC invocations=17 (full 3):
 PSYoungGen      total 283136K, used 32251K [0x00000000e0000000, 0x00000000f4f00000, 0x0000000100000000)
  eden space 250880K, 0% used [0x00000000e0000000,0x00000000e0000000,0x00000000ef500000)
  from space 32256K, 99% used [0x00000000f1a80000,0x00000000f39fed10,0x00000000f3a00000)
  to   space 38400K, 0% used [0x00000000ef500000,0x00000000ef500000,0x00000000f1a80000)
 ParOldGen       total 215040K, used 50476K [0x00000000a0000000, 0x00000000ad200000, 0x00000000e0000000)
  object space 215040K, 23% used [0x00000000a0000000,0x00000000a314b2a8,0x00000000ad200000)
 Metaspace       used 89874K, capacity 94180K, committed 94464K, reserved 1130496K
  class space    used 11801K, capacity 12694K, committed 12800K, reserved 1048576K
}
Event: 1042.942 GC heap before
{Heap before GC invocations=18 (full 3):
 PSYoungGen      total 283136K, used 75646K [0x00000000e0000000, 0x00000000f4f00000, 0x0000000100000000)
  eden space 250880K, 17% used [0x00000000e0000000,0x00000000e2a60e38,0x00000000ef500000)
  from space 32256K, 99% used [0x00000000f1a80000,0x00000000f39fed10,0x00000000f3a00000)
  to   space 38400K, 0% used [0x00000000ef500000,0x00000000ef500000,0x00000000f1a80000)
 ParOldGen       total 215040K, used 50476K [0x00000000a0000000, 0x00000000ad200000, 0x00000000e0000000)
  object space 215040K, 23% used [0x00000000a0000000,0x00000000a314b2a8,0x00000000ad200000)
 Metaspace       used 93764K, capacity 98485K, committed 98560K, reserved 1134592K
  class space    used 12419K, capacity 13365K, committed 13440K, reserved 1048576K
Event: 1042.966 GC heap after
Heap after GC invocations=18 (full 3):
 PSYoungGen      total 289280K, used 16261K [0x00000000e0000000, 0x00000000f7a80000, 0x0000000100000000)
  eden space 250880K, 0% used [0x00000000e0000000,0x00000000e0000000,0x00000000ef500000)
  from space 38400K, 42% used [0x00000000ef500000,0x00000000f04e1528,0x00000000f1a80000)
  to   space 36352K, 0% used [0x00000000f5700000,0x00000000f5700000,0x00000000f7a80000)
 ParOldGen       total 215040K, used 69250K [0x00000000a0000000, 0x00000000ad200000, 0x00000000e0000000)
  object space 215040K, 32% used [0x00000000a0000000,0x00000000a43a0840,0x00000000ad200000)
 Metaspace       used 93764K, capacity 98485K, committed 98560K, reserved 1134592K
  class space    used 12419K, capacity 13365K, committed 13440K, reserved 1048576K
}
Event: 1042.966 GC heap before
{Heap before GC invocations=19 (full 4):
 PSYoungGen      total 289280K, used 16261K [0x00000000e0000000, 0x00000000f7a80000, 0x0000000100000000)
  eden space 250880K, 0% used [0x00000000e0000000,0x00000000e0000000,0x00000000ef500000)
  from space 38400K, 42% used [0x00000000ef500000,0x00000000f04e1528,0x00000000f1a80000)
  to   space 36352K, 0% used [0x00000000f5700000,0x00000000f5700000,0x00000000f7a80000)
 ParOldGen       total 215040K, used 69250K [0x00000000a0000000, 0x00000000ad200000, 0x00000000e0000000)
  object space 215040K, 32% used [0x00000000a0000000,0x00000000a43a0840,0x00000000ad200000)
 Metaspace       used 93764K, capacity 98485K, committed 98560K, reserved 1134592K
  class space    used 12419K, capacity 13365K, committed 13440K, reserved 1048576K
Event: 1043.152 GC heap after
Heap after GC invocations=19 (full 4):
 PSYoungGen      total 289280K, used 0K [0x00000000e0000000, 0x00000000f7a80000, 0x0000000100000000)
  eden space 250880K, 0% used [0x00000000e0000000,0x00000000e0000000,0x00000000ef500000)
  from space 38400K, 0% used [0x00000000ef500000,0x00000000ef500000,0x00000000f1a80000)
  to   space 36352K, 0% used [0x00000000f5700000,0x00000000f5700000,0x00000000f7a80000)
 ParOldGen       total 309248K, used 62259K [0x00000000a0000000, 0x00000000b2e00000, 0x00000000e0000000)
  object space 309248K, 20% used [0x00000000a0000000,0x00000000a3ccccb0,0x00000000b2e00000)
 Metaspace       used 93180K, capacity 96845K, committed 98560K, reserved 1134592K
  class space    used 12225K, capacity 13023K, committed 13440K, reserved 1048576K
}

